2026-03-01 00:15:02,557 - FileSystemWatcher - INFO - Drop folder: ..\AI_Employee_Vault\Inbox\Drop
2026-03-01 00:15:02,557 - FileSystemWatcher - INFO - Starting FileSystemWatcher
2026-03-01 00:15:02,558 - FileSystemWatcher - INFO - Vault path: ..\AI_Employee_Vault
2026-03-01 00:15:02,558 - FileSystemWatcher - INFO - Check interval: 2s
2026-03-01 00:15:18,587 - FileSystemWatcher - INFO - Found new file: test_document.txt
2026-03-01 00:15:18,601 - FileSystemWatcher - INFO - Created action file: FILE_DROP_test_document_20260301_001518.md
2026-03-01 00:15:18,603 - FileSystemWatcher - INFO - Created action file: FILE_DROP_test_document_20260301_001518.md
2026-03-01 02:38:33,876 - FileSystemWatcher - INFO - Loaded 1 processed IDs from state
2026-03-01 02:38:33,886 - FileSystemWatcher - INFO - Drop folder: ..\AI_Employee_Vault\Inbox\Drop
2026-03-01 02:38:33,887 - FileSystemWatcher - INFO - Starting FileSystemWatcher
2026-03-01 02:38:33,887 - FileSystemWatcher - INFO - Vault path: ..\AI_Employee_Vault
2026-03-01 02:38:33,888 - FileSystemWatcher - INFO - Check interval: 30s
2026-03-01 02:50:04,021 - FileSystemWatcher - INFO - Found new file: testing_file.md
2026-03-01 02:50:04,036 - FileSystemWatcher - INFO - Created action file: FILE_DROP_testing_file_20260301_025004.md
2026-03-01 02:50:04,038 - FileSystemWatcher - INFO - Created action file: FILE_DROP_testing_file_20260301_025004.md
2026-03-01 23:25:54,965 - FileSystemWatcher - INFO - FileSystemWatcher stopped by user
2026-03-01 23:26:44,180 - FileSystemWatcher - INFO - Loaded 2 processed IDs from state
2026-03-01 23:26:44,180 - FileSystemWatcher - INFO - Drop folder: ..\AI_Employee_Vault\Inbox\Drop
2026-03-01 23:26:44,180 - FileSystemWatcher - INFO - Starting FileSystemWatcher
2026-03-01 23:26:44,180 - FileSystemWatcher - INFO - Vault path: ..\AI_Employee_Vault
2026-03-01 23:26:44,180 - FileSystemWatcher - INFO - Check interval: 30s
2026-03-01 23:32:44,232 - FileSystemWatcher - INFO - Found new file: testing_file2.md
2026-03-01 23:32:44,248 - FileSystemWatcher - INFO - Created action file: FILE_DROP_testing_file2_20260301_233244.md
2026-03-01 23:32:44,248 - FileSystemWatcher - INFO - Created action file: FILE_DROP_testing_file2_20260301_233244.md
2026-03-01 23:33:14,262 - FileSystemWatcher - INFO - Found new file: testing_file2.md
2026-03-01 23:33:14,262 - FileSystemWatcher - INFO - Created action file: FILE_DROP_testing_file2_20260301_233314.md
2026-03-01 23:33:14,262 - FileSystemWatcher - INFO - Created action file: FILE_DROP_testing_file2_20260301_233314.md
2026-03-02 03:20:56,694 - FileSystemWatcher - INFO - FileSystemWatcher stopped by user
2026-03-02 03:22:14,937 - FileSystemWatcher - INFO - Loaded 4 processed IDs from state
2026-03-02 03:22:14,937 - FileSystemWatcher - INFO - Drop folder: ..\AI_Employee_Vault\Inbox\Drop
2026-03-02 03:22:14,937 - FileSystemWatcher - INFO - Starting FileSystemWatcher
2026-03-02 03:22:14,937 - FileSystemWatcher - INFO - Vault path: ..\AI_Employee_Vault
2026-03-02 03:22:14,937 - FileSystemWatcher - INFO - Check interval: 30s
2026-03-02 03:23:44,954 - FileSystemWatcher - INFO - Found new file: testing_file3.md
2026-03-02 03:23:44,954 - FileSystemWatcher - INFO - Created action file: FILE_DROP_testing_file3_20260302_032344.md
2026-03-02 03:23:44,954 - FileSystemWatcher - INFO - Created action file: FILE_DROP_testing_file3_20260302_032344.md
2026-03-02 22:23:51,528 - FileSystemWatcher - INFO - FileSystemWatcher stopped by user
2026-03-02 22:50:58,220 - FileSystemWatcher - INFO - Loaded 5 processed IDs from state
2026-03-02 22:50:58,234 - FileSystemWatcher - INFO - Drop folder: ..\AI_Employee_Vault\Inbox\Drop
2026-03-02 22:50:58,234 - FileSystemWatcher - INFO - Starting FileSystemWatcher
2026-03-02 22:50:58,234 - FileSystemWatcher - INFO - Vault path: ..\AI_Employee_Vault
2026-03-02 22:50:58,234 - FileSystemWatcher - INFO - Check interval: 30s
2026-03-02 23:01:07,099 - FileSystemWatcher - INFO - Loaded 5 processed IDs from state
2026-03-02 23:01:07,114 - FileSystemWatcher - INFO - Drop folder: ..\AI_Employee_Vault\Inbox\Drop
2026-03-02 23:01:07,114 - FileSystemWatcher - INFO - Starting FileSystemWatcher
2026-03-02 23:01:07,115 - FileSystemWatcher - INFO - Vault path: ..\AI_Employee_Vault
2026-03-02 23:01:07,115 - FileSystemWatcher - INFO - Check interval: 30s
2026-03-02 23:05:28,416 - FileSystemWatcher - INFO - Loaded 5 processed IDs from state
2026-03-02 23:05:28,416 - FileSystemWatcher - INFO - Drop folder: ..\AI_Employee_Vault\Inbox\Drop
2026-03-02 23:05:28,416 - FileSystemWatcher - INFO - Starting FileSystemWatcher
2026-03-02 23:05:28,416 - FileSystemWatcher - INFO - Vault path: ..\AI_Employee_Vault
2026-03-02 23:05:28,416 - FileSystemWatcher - INFO - Check interval: 30s
2026-03-04 19:40:20,763 - FileSystemWatcher - INFO - Loaded 5 processed IDs from state
2026-03-04 19:40:20,764 - FileSystemWatcher - INFO - Drop folder: ..\AI_Employee_Vault\Inbox\Drop
2026-03-04 19:40:20,764 - FileSystemWatcher - INFO - Starting FileSystemWatcher
2026-03-04 19:40:20,764 - FileSystemWatcher - INFO - Vault path: ..\AI_Employee_Vault
2026-03-04 19:40:20,764 - FileSystemWatcher - INFO - Check interval: 30s
2026-03-04 19:41:50,789 - FileSystemWatcher - INFO - Found new file: testing-file4.md
2026-03-04 19:41:50,810 - FileSystemWatcher - INFO - Created action file: FILE_DROP_testing-file4_20260304_194150.md
2026-03-04 19:41:50,810 - FileSystemWatcher - INFO - Created action file: FILE_DROP_testing-file4_20260304_194150.md
2026-03-04 19:42:03,257 - FileSystemWatcher - INFO - Found new file: testing-file4.md
2026-03-04 19:42:03,326 - FileSystemWatcher - INFO - Created action file: FILE_DROP_testing-file4_20260304_194203.md
2026-03-04 19:42:03,327 - FileSystemWatcher - INFO - Created action file: FILE_DROP_testing-file4_20260304_194203.md
2026-03-04 19:42:11,947 - FileSystemWatcher - INFO - Found new file: testing-file4.md
2026-03-04 19:42:11,957 - FileSystemWatcher - INFO - Created action file: FILE_DROP_testing-file4_20260304_194211.md
2026-03-04 19:42:11,958 - FileSystemWatcher - INFO - Created action file: FILE_DROP_testing-file4_20260304_194211.md
